"EventType","InsertText","DeleteText","SourceLocation","ClientTimestamp","CodeStateSection","ToolInstances","EditType","X-Metadata","CodeStateID","X-Compilable","EventID","SubjectID","AssignmentID"
"File.Edit","from django.shortcuts import render

def index(request):
    return render(l)
","","0","1679708654127","views.py","1.1.5 for 2021-2022 @t1","Insert",,,,,,
"X-Keystroke","l",,"76","1679708654139","views.py","1.1.5 for 2021-2022 @t1",,"l",,,,,
"File.Edit","i","","76","1679708654236","views.py","1.1.5 for 2021-2022 @t1","Insert",,,,,,
"X-Keystroke","i",,"77","1679708654238","views.py","1.1.5 for 2021-2022 @t1",,"i",,,,,
"File.Edit","s","","77","1679708654308","views.py","1.1.5 for 2021-2022 @t1","Insert",,,,,,
"X-Keystroke","s",,"78","1679708654308","views.py","1.1.5 for 2021-2022 @t1",,"s",,,,,
"File.Edit","t","","78","1679708654472","views.py","1.1.5 for 2021-2022 @t1","Insert",,,,,,
"X-Keystroke","t",,"79","1679708654481","views.py","1.1.5 for 2021-2022 @t1",,"t",,,,,
"X-Keystroke","l",,"76","1679708654138","views.py","1.1.5 for 2021-2022 @t1",,"l",,,,,
"X-Keystroke","i",,"77","1679708654238","views.py","1.1.5 for 2021-2022 @t1",,"i",,,,,
"X-Keystroke","s",,"78","1679708654308","views.py","1.1.5 for 2021-2022 @t1",,"s",,,,,
"X-Keystroke","t",,"79","1679708654481","views.py","1.1.5 for 2021-2022 @t1",,"t",,,,,
"X-Action","Enter",,,"1679708658780","views.py","1.1.5 for 2021-2022 @t1",,"Enter",,,,,
"File.Edit","
","","57","1679708658803","views.py","1.1.5 for 2021-2022 @t1","Insert",,,,,,
"File.Edit","    ","","57","1679708658823","views.py","1.1.5 for 2021-2022 @t1","Insert",,,,,,
"File.Edit","l","","61","1679708659522","views.py","1.1.5 for 2021-2022 @t1","Insert",,,,,,
"X-Keystroke","l",,"62","1679708659523","views.py","1.1.5 for 2021-2022 @t1",,"l",,,,,
"File.Edit","i","","62","1679708659621","views.py","1.1.5 for 2021-2022 @t1","Insert",,,,,,
"X-Keystroke","i",,"63","1679708659625","views.py","1.1.5 for 2021-2022 @t1",,"i",,,,,
"File.Edit","s","","63","1679708659737","views.py","1.1.5 for 2021-2022 @t1","Insert",,,,,,
"X-Keystroke","s",,"64","1679708659740","views.py","1.1.5 for 2021-2022 @t1",,"s",,,,,
"File.Edit","t","","64","1679708659910","views.py","1.1.5 for 2021-2022 @t1","Insert",,,,,,
"X-Keystroke","t",,"65","1679708659915","views.py","1.1.5 for 2021-2022 @t1",,"t",,,,,
"File.Edit"," ","","65","1679708660172","views.py","1.1.5 for 2021-2022 @t1","Insert",,,,,,
"X-Keystroke"," ",,"66","1679708660173","views.py","1.1.5 for 2021-2022 @t1",," ",,,,,
"File.Edit","=","","66","1679708660871","views.py","1.1.5 for 2021-2022 @t1","Insert",,,,,,
"X-Keystroke","=",,"67","1679708660872","views.py","1.1.5 for 2021-2022 @t1",,"=",,,,,
"File.Edit"," ","","67","1679708660973","views.py","1.1.5 for 2021-2022 @t1","Insert",,,,,,
"X-Keystroke"," ",,"68","1679708660974","views.py","1.1.5 for 2021-2022 @t1",," ",,,,,
"X-Keystroke","l",,"62","1679708659523","views.py","1.1.5 for 2021-2022 @t1",,"l",,,,,
"X-Keystroke","i",,"63","1679708659625","views.py","1.1.5 for 2021-2022 @t1",,"i",,,,,
"X-Keystroke","s",,"64","1679708659740","views.py","1.1.5 for 2021-2022 @t1",,"s",,,,,
"X-Keystroke","t",,"65","1679708659915","views.py","1.1.5 for 2021-2022 @t1",,"t",,,,,
"X-Keystroke"," ",,"66","1679708660173","views.py","1.1.5 for 2021-2022 @t1",," ",,,,,
"X-Keystroke","=",,"67","1679708660872","views.py","1.1.5 for 2021-2022 @t1",,"=",,,,,
"X-Keystroke"," ",,"68","1679708660974","views.py","1.1.5 for 2021-2022 @t1",," ",,,,,
"File.Edit","e","","68","1679708665548","views.py","1.1.5 for 2021-2022 @t1","Insert",,,,,,
"X-Keystroke","e",,"69","1679708665551","views.py","1.1.5 for 2021-2022 @t1",,"e",,,,,
"File.Edit","v","","69","1679708665766","views.py","1.1.5 for 2021-2022 @t1","Insert",,,,,,
"X-Keystroke","v",,"70","1679708665769","views.py","1.1.5 for 2021-2022 @t1",,"v",,,,,
"File.Edit","a","","70","1679708665869","views.py","1.1.5 for 2021-2022 @t1","Insert",,,,,,
"X-Keystroke","a",,"71","1679708665871","views.py","1.1.5 for 2021-2022 @t1",,"a",,,,,
"File.Edit","l","","71","1679708666100","views.py","1.1.5 for 2021-2022 @t1","Insert",,,,,,
"X-Keystroke","l",,"72","1679708666104","views.py","1.1.5 for 2021-2022 @t1",,"l",,,,,
"X-Action","Backspace",,,"1679708669052","views.py","1.1.5 for 2021-2022 @t1",,"Backspace",,,,,
"File.Edit","","l","71","1679708669063","views.py","1.1.5 for 2021-2022 @t1","Delete",,,,,,
"X-Action","Backspace",,,"1679708669249","views.py","1.1.5 for 2021-2022 @t1",,"Backspace",,,,,
"File.Edit","","a","70","1679708669252","views.py","1.1.5 for 2021-2022 @t1","Delete",,,,,,
"X-Action","Backspace",,,"1679708669439","views.py","1.1.5 for 2021-2022 @t1",,"Backspace",,,,,
"File.Edit","","v","69","1679708669441","views.py","1.1.5 for 2021-2022 @t1","Delete",,,,,,
"File.Edit","v","","69","1679708671336","views.py","1.1.5 for 2021-2022 @t1","Insert",,,,,,
"X-Keystroke","v",,"70","1679708671341","views.py","1.1.5 for 2021-2022 @t1",,"v",,,,,
"File.Edit","a","","70","1679708671755","views.py","1.1.5 for 2021-2022 @t1","Insert",,,,,,
"X-Keystroke","a",,"71","1679708671759","views.py","1.1.5 for 2021-2022 @t1",,"a",,,,,
"File.Edit","l","","71","1679708671881","views.py","1.1.5 for 2021-2022 @t1","Insert",,,,,,
"X-Keystroke","l",,"72","1679708671883","views.py","1.1.5 for 2021-2022 @t1",,"l",,,,,
"X-Keystroke","e",,"69","1679708665550","views.py","1.1.5 for 2021-2022 @t1",,"e",,,,,
"X-Keystroke","v",,"70","1679708665769","views.py","1.1.5 for 2021-2022 @t1",,"v",,,,,
"X-Keystroke","a",,"71","1679708665871","views.py","1.1.5 for 2021-2022 @t1",,"a",,,,,
"X-Keystroke","l",,"72","1679708666104","views.py","1.1.5 for 2021-2022 @t1",,"l",,,,,
"X-Keystroke","v",,"70","1679708671341","views.py","1.1.5 for 2021-2022 @t1",,"v",,,,,
"X-Keystroke","a",,"71","1679708671759","views.py","1.1.5 for 2021-2022 @t1",,"a",,,,,
"X-Keystroke","l",,"72","1679708671883","views.py","1.1.5 for 2021-2022 @t1",,"l",,,,,
"X-Keystroke","""",,"73","1679708673255","views.py","1.1.5 for 2021-2022 @t1",,"""",,,,,
"File.Edit","""","","72","1679708673251","views.py","1.1.5 for 2021-2022 @t1","Insert",,,,,,
"File.Edit","""","","73","1679708673253","views.py","1.1.5 for 2021-2022 @t1","Insert",,,,,,
"X-Keystroke","""",,"73","1679708673255","views.py","1.1.5 for 2021-2022 @t1",,"""",,,,,
"X-Action","Backspace",,,"1679708674523","views.py","1.1.5 for 2021-2022 @t1",,"Backspace",,,,,
"File.Edit","","""","73","1679708674529","views.py","1.1.5 for 2021-2022 @t1","Delete",,,,,,
"File.Edit","","""","72","1679708674531","views.py","1.1.5 for 2021-2022 @t1","Delete",,,,,,
"File.Edit","(","","72","1679708675263","views.py","1.1.5 for 2021-2022 @t1","Insert",,,,,,
"File.Edit",")","","73","1679708675264","views.py","1.1.5 for 2021-2022 @t1","Insert",,,,,,
"X-Keystroke","(",,"73","1679708675264","views.py","1.1.5 for 2021-2022 @t1",,"(",,,,,
"File.Edit","""","","73","1679708676088","views.py","1.1.5 for 2021-2022 @t1","Insert",,,,,,
"File.Edit","""","","74","1679708676090","views.py","1.1.5 for 2021-2022 @t1","Insert",,,,,,
"X-Keystroke","""",,"74","1679708676090","views.py","1.1.5 for 2021-2022 @t1",,"""",,,,,
"X-Keystroke","(",,"73","1679708675264","views.py","1.1.5 for 2021-2022 @t1",,"(",,,,,
"X-Keystroke","""",,"74","1679708676090","views.py","1.1.5 for 2021-2022 @t1",,"""",,,,,
"X-Action","Enter",,,"1679709336030","views.py","1.1.5 for 2021-2022 @t1",,"Enter",,,,,
"File.Edit","    
","","77","1679709336035","views.py","1.1.5 for 2021-2022 @t1","Insert",,,,,,
"File.Edit","r","","81","1679709336452","views.py","1.1.5 for 2021-2022 @t1","Insert",,,,,,
"X-Keystroke","r",,"82","1679709336453","views.py","1.1.5 for 2021-2022 @t1",,"r",,,,,
"File.Edit","e","","82","1679709336539","views.py","1.1.5 for 2021-2022 @t1","Insert",,,,,,
"X-Keystroke","e",,"83","1679709336542","views.py","1.1.5 for 2021-2022 @t1",,"e",,,,,
"File.Edit","c","","83","1679709336849","views.py","1.1.5 for 2021-2022 @t1","Insert",,,,,,
"X-Keystroke","c",,"84","1679709336857","views.py","1.1.5 for 2021-2022 @t1",,"c",,,,,
"File.Edit","i","","84","1679709336988","views.py","1.1.5 for 2021-2022 @t1","Insert",,,,,,
"X-Keystroke","i",,"85","1679709336989","views.py","1.1.5 for 2021-2022 @t1",,"i",,,,,
"File.Edit","p","","85","1679709337114","views.py","1.1.5 for 2021-2022 @t1","Insert",,,,,,
"X-Keystroke","p",,"86","1679709337115","views.py","1.1.5 for 2021-2022 @t1",,"p",,,,,
"File.Edit","e","","86","1679709337460","views.py","1.1.5 for 2021-2022 @t1","Insert",,,,,,
"X-Keystroke","e",,"87","1679709337461","views.py","1.1.5 for 2021-2022 @t1",,"e",,,,,
"File.Edit","s","","87","1679709337558","views.py","1.1.5 for 2021-2022 @t1","Insert",,,,,,
"X-Keystroke","s",,"88","1679709337559","views.py","1.1.5 for 2021-2022 @t1",,"s",,,,,
"X-Keystroke","r",,"82","1679709336453","views.py","1.1.5 for 2021-2022 @t1",,"r",,,,,
"X-Keystroke","e",,"83","1679709336542","views.py","1.1.5 for 2021-2022 @t1",,"e",,,,,
"X-Keystroke","c",,"84","1679709336857","views.py","1.1.5 for 2021-2022 @t1",,"c",,,,,
"X-Keystroke","i",,"85","1679709336989","views.py","1.1.5 for 2021-2022 @t1",,"i",,,,,
"X-Keystroke","p",,"86","1679709337115","views.py","1.1.5 for 2021-2022 @t1",,"p",,,,,
"X-Keystroke","e",,"87","1679709337461","views.py","1.1.5 for 2021-2022 @t1",,"e",,,,,
"X-Keystroke","s",,"88","1679709337559","views.py","1.1.5 for 2021-2022 @t1",,"s",,,,,
"File.Edit"," ","","88","1679709339877","views.py","1.1.5 for 2021-2022 @t1","Insert",,,,,,
"X-Keystroke"," ",,"89","1679709339879","views.py","1.1.5 for 2021-2022 @t1",," ",,,,,
"File.Edit","=","","89","1679709340364","views.py","1.1.5 for 2021-2022 @t1","Insert",,,,,,
"X-Keystroke","=",,"90","1679709340364","views.py","1.1.5 for 2021-2022 @t1",,"=",,,,,
"File.Edit"," ","","90","1679709340524","views.py","1.1.5 for 2021-2022 @t1","Insert",,,,,,
"X-Keystroke"," ",,"91","1679709340525","views.py","1.1.5 for 2021-2022 @t1",," ",,,,,
"File.Edit","""","","91","1679709341254","views.py","1.1.5 for 2021-2022 @t1","Insert",,,,,,
"File.Edit","""","","92","1679709341256","views.py","1.1.5 for 2021-2022 @t1","Insert",,,,,,
"X-Keystroke","""",,"92","1679709341256","views.py","1.1.5 for 2021-2022 @t1",,"""",,,,,
"X-Keystroke"," ",,"89","1679709339878","views.py","1.1.5 for 2021-2022 @t1",," ",,,,,
"X-Keystroke","=",,"90","1679709340364","views.py","1.1.5 for 2021-2022 @t1",,"=",,,,,
"X-Keystroke"," ",,"91","1679709340525","views.py","1.1.5 for 2021-2022 @t1",," ",,,,,
"X-Keystroke","""",,"92","1679709341256","views.py","1.1.5 for 2021-2022 @t1",,"""",,,,,
"X-Keystroke","f",,"37","1679709445795","views.py","1.1.5 for 2021-2022 @t1",,"f",,,,,
"X-Keystroke","r",,"38","1679709445939","views.py","1.1.5 for 2021-2022 @t1",,"r",,,,,
"X-Keystroke","o",,"39","1679709446011","views.py","1.1.5 for 2021-2022 @t1",,"o",,,,,
"X-Keystroke","m",,"40","1679709446144","views.py","1.1.5 for 2021-2022 @t1",,"m",,,,,
"X-Keystroke"," ",,"41","1679709446271","views.py","1.1.5 for 2021-2022 @t1",," ",,,,,
"File.Edit","f","","36","1679709445793","views.py","1.1.5 for 2021-2022 @t1","Insert",,,,,,
"X-Keystroke","f",,"37","1679709445795","views.py","1.1.5 for 2021-2022 @t1",,"f",,,,,
"File.Edit","r","","37","1679709445937","views.py","1.1.5 for 2021-2022 @t1","Insert",,,,,,
"X-Keystroke","r",,"38","1679709445939","views.py","1.1.5 for 2021-2022 @t1",,"r",,,,,
"File.Edit","o","","38","1679709446009","views.py","1.1.5 for 2021-2022 @t1","Insert",,,,,,
"X-Keystroke","o",,"39","1679709446011","views.py","1.1.5 for 2021-2022 @t1",,"o",,,,,
"File.Edit","m","","39","1679709446140","views.py","1.1.5 for 2021-2022 @t1","Insert",,,,,,
"X-Keystroke","m",,"40","1679709446144","views.py","1.1.5 for 2021-2022 @t1",,"m",,,,,
"File.Edit"," ","","40","1679709446270","views.py","1.1.5 for 2021-2022 @t1","Insert",,,,,,
"X-Keystroke"," ",,"41","1679709446271","views.py","1.1.5 for 2021-2022 @t1",," ",,,,,
"File.Edit",".","","41","1679709449795","views.py","1.1.5 for 2021-2022 @t1","Insert",,,,,,
"X-Keystroke",".",,"42","1679709449797","views.py","1.1.5 for 2021-2022 @t1",,".",,,,,
"File.Edit","m","","42","1679709450382","views.py","1.1.5 for 2021-2022 @t1","Insert",,,,,,
"X-Keystroke","m",,"43","1679709450387","views.py","1.1.5 for 2021-2022 @t1",,"m",,,,,
"File.Edit","o","","43","1679709450554","views.py","1.1.5 for 2021-2022 @t1","Insert",,,,,,
"X-Keystroke","o",,"44","1679709450557","views.py","1.1.5 for 2021-2022 @t1",,"o",,,,,
"X-Action","Choose Lookup Item Replace",,,"1679709451328","views.py","1.1.5 for 2021-2022 @t1",,"Choose Lookup Item Replace",,,,,
"File.Edit","dels","","44","1679709451343","views.py","1.1.5 for 2021-2022 @t1","Insert",,,,,,
"File.Edit"," import ","","48","1679709451354","views.py","1.1.5 for 2021-2022 @t1","Insert",,,,,,
"X-Keystroke",".",,"42","1679709449797","views.py","1.1.5 for 2021-2022 @t1",,".",,,,,
"X-Keystroke","m",,"43","1679709450387","views.py","1.1.5 for 2021-2022 @t1",,"m",,,,,
"X-Keystroke","o",,"44","1679709450557","views.py","1.1.5 for 2021-2022 @t1",,"o",,,,,
"X-Keystroke","r",,"57","1679709453684","views.py","1.1.5 for 2021-2022 @t1",,"r",,,,,
"X-Keystroke","e",,"58","1679709453740","views.py","1.1.5 for 2021-2022 @t1",,"e",,,,,
"X-Keystroke","c",,"59","1679709453973","views.py","1.1.5 for 2021-2022 @t1",,"c",,,,,
"X-Keystroke","i",,"60","1679709454161","views.py","1.1.5 for 2021-2022 @t1",,"i",,,,,
"File.Edit","r","","56","1679709453683","views.py","1.1.5 for 2021-2022 @t1","Insert",,,,,,
"X-Keystroke","r",,"57","1679709453684","views.py","1.1.5 for 2021-2022 @t1",,"r",,,,,
"File.Edit","e","","57","1679709453739","views.py","1.1.5 for 2021-2022 @t1","Insert",,,,,,
"X-Keystroke","e",,"58","1679709453740","views.py","1.1.5 for 2021-2022 @t1",,"e",,,,,
"File.Edit","c","","58","1679709453973","views.py","1.1.5 for 2021-2022 @t1","Insert",,,,,,
"X-Keystroke","c",,"59","1679709453973","views.py","1.1.5 for 2021-2022 @t1",,"c",,,,,
"File.Edit","i","","59","1679709454160","views.py","1.1.5 for 2021-2022 @t1","Insert",,,,,,
"X-Keystroke","i",,"60","1679709454161","views.py","1.1.5 for 2021-2022 @t1",,"i",,,,,
"X-Action","Tab",,,"1679709454861","views.py","1.1.5 for 2021-2022 @t1",,"Tab",,,,,
"File.Edit","    ","","60","1679709454863","views.py","1.1.5 for 2021-2022 @t1","Insert",,,,,,
"X-Action","Backspace",,,"1679709455325","views.py","1.1.5 for 2021-2022 @t1",,"Backspace",,,,,
"File.Edit",""," ","63","1679709455326","views.py","1.1.5 for 2021-2022 @t1","Delete",,,,,,
"X-Action","Backspace",,,"1679709455645","views.py","1.1.5 for 2021-2022 @t1",,"Backspace",,,,,
"File.Edit",""," ","62","1679709455667","views.py","1.1.5 for 2021-2022 @t1","Delete",,,,,,
"X-Action","Backspace",,,"1679709455819","views.py","1.1.5 for 2021-2022 @t1",,"Backspace",,,,,
"File.Edit",""," ","61","1679709455821","views.py","1.1.5 for 2021-2022 @t1","Delete",,,,,,
"X-Action","Backspace",,,"1679709455979","views.py","1.1.5 for 2021-2022 @t1",,"Backspace",,,,,
"File.Edit",""," ","60","1679709455981","views.py","1.1.5 for 2021-2022 @t1","Delete",,,,,,
"X-Action","Backspace",,,"1679709456130","views.py","1.1.5 for 2021-2022 @t1",,"Backspace",,,,,
"File.Edit","","i","59","1679709456132","views.py","1.1.5 for 2021-2022 @t1","Delete",,,,,,
"X-Action","Backspace",,,"1679709456289","views.py","1.1.5 for 2021-2022 @t1",,"Backspace",,,,,
"File.Edit","","c","58","1679709456291","views.py","1.1.5 for 2021-2022 @t1","Delete",,,,,,
"X-Action","Backspace",,,"1679709456473","views.py","1.1.5 for 2021-2022 @t1",,"Backspace",,,,,
"File.Edit","","e","57","1679709456476","views.py","1.1.5 for 2021-2022 @t1","Delete",,,,,,
"X-Action","Backspace",,,"1679709456702","views.py","1.1.5 for 2021-2022 @t1",,"Backspace",,,,,
"File.Edit","","r","56","1679709456704","views.py","1.1.5 for 2021-2022 @t1","Delete",,,,,,
"File.Edit","R","","56","1679709457174","views.py","1.1.5 for 2021-2022 @t1","Insert",,,,,,
"X-Keystroke","R",,"57","1679709457175","views.py","1.1.5 for 2021-2022 @t1",,"R",,,,,
"X-Action","Choose Lookup Item Replace",,,"1679709457693","views.py","1.1.5 for 2021-2022 @t1",,"Choose Lookup Item Replace",,,,,
"File.Edit","ecipe","","57","1679709457701","views.py","1.1.5 for 2021-2022 @t1","Insert",,,,,,
"X-Keystroke","R",,"57","1679709457175","views.py","1.1.5 for 2021-2022 @t1",,"R",,,,,
"X-Action","Backspace",,,"1679709463687","views.py","1.1.5 for 2021-2022 @t1",,"Backspace",,,,,
"File.Edit","","recipes = """"","107","1679709463697","views.py","1.1.5 for 2021-2022 @t1","Delete",,,,,,
"X-Action","Backspace",,,"1679709463852","views.py","1.1.5 for 2021-2022 @t1",,"Backspace",,,,,
"File.Edit",""," ","106","1679709463853","views.py","1.1.5 for 2021-2022 @t1","Delete",,,,,,
"File.Edit","","   ","103","1679709463854","views.py","1.1.5 for 2021-2022 @t1","Delete",,,,,,
"X-Action","Tab",,,"1679709464866","views.py","1.1.5 for 2021-2022 @t1",,"Tab",,,,,
"File.Edit","    ","","103","1679709464869","views.py","1.1.5 for 2021-2022 @t1","Insert",,,,,,
"X-Keystroke","r",,"108","1679709622155","views.py","1.1.5 for 2021-2022 @t1",,"r",,,,,
"X-Keystroke","e",,"109","1679709622227","views.py","1.1.5 for 2021-2022 @t1",,"e",,,,,
"X-Keystroke","c",,"110","1679709622703","views.py","1.1.5 for 2021-2022 @t1",,"c",,,,,
"X-Keystroke","i",,"111","1679709622842","views.py","1.1.5 for 2021-2022 @t1",,"i",,,,,
"X-Keystroke","p",,"112","1679709623008","views.py","1.1.5 for 2021-2022 @t1",,"p",,,,,
"X-Keystroke","e",,"113","1679709623174","views.py","1.1.5 for 2021-2022 @t1",,"e",,,,,
"X-Keystroke","s",,"114","1679709623223","views.py","1.1.5 for 2021-2022 @t1",,"s",,,,,
"X-Keystroke"," ",,"115","1679709624685","views.py","1.1.5 for 2021-2022 @t1",," ",,,,,
"X-Keystroke","=",,"116","1679709624781","views.py","1.1.5 for 2021-2022 @t1",,"=",,,,,
"X-Keystroke"," ",,"117","1679709624917","views.py","1.1.5 for 2021-2022 @t1",," ",,,,,
"File.Edit","r","","107","1679709622153","views.py","1.1.5 for 2021-2022 @t1","Insert",,,,,,
"X-Keystroke","r",,"108","1679709622155","views.py","1.1.5 for 2021-2022 @t1",,"r",,,,,
"File.Edit","e","","108","1679709622224","views.py","1.1.5 for 2021-2022 @t1","Insert",,,,,,
"X-Keystroke","e",,"109","1679709622227","views.py","1.1.5 for 2021-2022 @t1",,"e",,,,,
"File.Edit","c","","109","1679709622694","views.py","1.1.5 for 2021-2022 @t1","Insert",,,,,,
"X-Keystroke","c",,"110","1679709622703","views.py","1.1.5 for 2021-2022 @t1",,"c",,,,,
"File.Edit","i","","110","1679709622841","views.py","1.1.5 for 2021-2022 @t1","Insert",,,,,,
"X-Keystroke","i",,"111","1679709622842","views.py","1.1.5 for 2021-2022 @t1",,"i",,,,,
"File.Edit","p","","111","1679709623007","views.py","1.1.5 for 2021-2022 @t1","Insert",,,,,,
"X-Keystroke","p",,"112","1679709623008","views.py","1.1.5 for 2021-2022 @t1",,"p",,,,,
"File.Edit","e","","112","1679709623173","views.py","1.1.5 for 2021-2022 @t1","Insert",,,,,,
"X-Keystroke","e",,"113","1679709623174","views.py","1.1.5 for 2021-2022 @t1",,"e",,,,,
"File.Edit","s","","113","1679709623223","views.py","1.1.5 for 2021-2022 @t1","Insert",,,,,,
"X-Keystroke","s",,"114","1679709623223","views.py","1.1.5 for 2021-2022 @t1",,"s",,,,,
"File.Edit"," ","","114","1679709624684","views.py","1.1.5 for 2021-2022 @t1","Insert",,,,,,
"X-Keystroke"," ",,"115","1679709624686","views.py","1.1.5 for 2021-2022 @t1",," ",,,,,
"File.Edit","=","","115","1679709624780","views.py","1.1.5 for 2021-2022 @t1","Insert",,,,,,
"X-Keystroke","=",,"116","1679709624781","views.py","1.1.5 for 2021-2022 @t1",,"=",,,,,
"File.Edit"," ","","116","1679709624916","views.py","1.1.5 for 2021-2022 @t1","Insert",,,,,,
"X-Keystroke"," ",,"117","1679709624917","views.py","1.1.5 for 2021-2022 @t1",," ",,,,,
"File.Edit","R","","117","1679709625691","views.py","1.1.5 for 2021-2022 @t1","Insert",,,,,,
"X-Keystroke","R",,"118","1679709625692","views.py","1.1.5 for 2021-2022 @t1",,"R",,,,,
"File.Edit","E","","118","1679709625774","views.py","1.1.5 for 2021-2022 @t1","Insert",,,,,,
"X-Keystroke","E",,"119","1679709625777","views.py","1.1.5 for 2021-2022 @t1",,"E",,,,,
"File.Edit","c","","119","1679709625990","views.py","1.1.5 for 2021-2022 @t1","Insert",,,,,,
"X-Keystroke","c",,"120","1679709625995","views.py","1.1.5 for 2021-2022 @t1",,"c",,,,,
"X-Action","Backspace",,,"1679709626895","views.py","1.1.5 for 2021-2022 @t1",,"Backspace",,,,,
"File.Edit","","c","119","1679709626900","views.py","1.1.5 for 2021-2022 @t1","Delete",,,,,,
"X-Action","Backspace",,,"1679709627071","views.py","1.1.5 for 2021-2022 @t1",,"Backspace",,,,,
"File.Edit","","E","118","1679709627074","views.py","1.1.5 for 2021-2022 @t1","Delete",,,,,,
"X-Action","Choose Lookup Item Replace",,,"1679709627244","views.py","1.1.5 for 2021-2022 @t1",,"Choose Lookup Item Replace",,,,,
"File.Edit","ecipe","","118","1679709627250","views.py","1.1.5 for 2021-2022 @t1","Insert",,,,,,
"File.Edit",".","","123","1679709628343","views.py","1.1.5 for 2021-2022 @t1","Insert",,,,,,
"X-Keystroke",".",,"124","1679709628345","views.py","1.1.5 for 2021-2022 @t1",,".",,,,,
"X-Keystroke","R",,"118","1679709625692","views.py","1.1.5 for 2021-2022 @t1",,"R",,,,,
"X-Keystroke","E",,"119","1679709625777","views.py","1.1.5 for 2021-2022 @t1",,"E",,,,,
"X-Keystroke","c",,"120","1679709625995","views.py","1.1.5 for 2021-2022 @t1",,"c",,,,,
"X-Keystroke",".",,"124","1679709628345","views.py","1.1.5 for 2021-2022 @t1",,".",,,,,
"File.Edit","a","","124","1679709629654","views.py","1.1.5 for 2021-2022 @t1","Insert",,,,,,
"X-Keystroke","a",,"125","1679709629658","views.py","1.1.5 for 2021-2022 @t1",,"a",,,,,
"File.Edit","l","","125","1679709629797","views.py","1.1.5 for 2021-2022 @t1","Insert",,,,,,
"X-Keystroke","l",,"126","1679709629798","views.py","1.1.5 for 2021-2022 @t1",,"l",,,,,
"File.Edit","l","","126","1679709629986","views.py","1.1.5 for 2021-2022 @t1","Insert",,,,,,
"X-Keystroke","l",,"127","1679709629987","views.py","1.1.5 for 2021-2022 @t1",,"l",,,,,
"File.Edit","(","","127","1679709631948","views.py","1.1.5 for 2021-2022 @t1","Insert",,,,,,
"File.Edit",")","","128","1679709631950","views.py","1.1.5 for 2021-2022 @t1","Insert",,,,,,
"X-Keystroke","(",,"128","1679709631950","views.py","1.1.5 for 2021-2022 @t1",,"(",,,,,
"X-Keystroke","a",,"125","1679709629658","views.py","1.1.5 for 2021-2022 @t1",,"a",,,,,
"X-Keystroke","l",,"126","1679709629798","views.py","1.1.5 for 2021-2022 @t1",,"l",,,,,
"X-Keystroke","l",,"127","1679709629987","views.py","1.1.5 for 2021-2022 @t1",,"l",,,,,
"X-Keystroke","(",,"128","1679709631950","views.py","1.1.5 for 2021-2022 @t1",,"(",,,,,
"X-Action","Backspace",,,"1679709632924","views.py","1.1.5 for 2021-2022 @t1",,"Backspace",,,,,
"File.Edit","","(","127","1679709632926","views.py","1.1.5 for 2021-2022 @t1","Delete",,,,,,
"File.Edit","",")","127","1679709632928","views.py","1.1.5 for 2021-2022 @t1","Delete",,,,,,
"X-Action","Backspace",,,"1679709633102","views.py","1.1.5 for 2021-2022 @t1",,"Backspace",,,,,
"File.Edit","","l","126","1679709633104","views.py","1.1.5 for 2021-2022 @t1","Delete",,,,,,
"X-Action","Backspace",,,"1679709633270","views.py","1.1.5 for 2021-2022 @t1",,"Backspace",,,,,
"File.Edit","","l","125","1679709633271","views.py","1.1.5 for 2021-2022 @t1","Delete",,,,,,
"X-Action","Backspace",,,"1679709633424","views.py","1.1.5 for 2021-2022 @t1",,"Backspace",,,,,
"File.Edit","","a","124","1679709633425","views.py","1.1.5 for 2021-2022 @t1","Delete",,,,,,
"File.Edit","o","","124","1679709656484","views.py","1.1.5 for 2021-2022 @t1","Insert",,,,,,
"X-Keystroke","o",,"125","1679709656486","views.py","1.1.5 for 2021-2022 @t1",,"o",,,,,
"File.Edit","b","","125","1679709656765","views.py","1.1.5 for 2021-2022 @t1","Insert",,,,,,
"X-Keystroke","b",,"126","1679709656771","views.py","1.1.5 for 2021-2022 @t1",,"b",,,,,
"File.Edit","j","","126","1679709657208","views.py","1.1.5 for 2021-2022 @t1","Insert",,,,,,
"X-Keystroke","j",,"127","1679709657209","views.py","1.1.5 for 2021-2022 @t1",,"j",,,,,
"File.Edit","e","","127","1679709657338","views.py","1.1.5 for 2021-2022 @t1","Insert",,,,,,
"X-Keystroke","e",,"128","1679709657338","views.py","1.1.5 for 2021-2022 @t1",,"e",,,,,
"File.Edit","c","","128","1679709657445","views.py","1.1.5 for 2021-2022 @t1","Insert",,,,,,
"X-Keystroke","c",,"129","1679709657445","views.py","1.1.5 for 2021-2022 @t1",,"c",,,,,
"File.Edit","t","","129","1679709657728","views.py","1.1.5 for 2021-2022 @t1","Insert",,,,,,
"X-Keystroke","t",,"130","1679709657729","views.py","1.1.5 for 2021-2022 @t1",,"t",,,,,
"X-Keystroke","o",,"125","1679709656486","views.py","1.1.5 for 2021-2022 @t1",,"o",,,,,
"X-Keystroke","b",,"126","1679709656771","views.py","1.1.5 for 2021-2022 @t1",,"b",,,,,
"X-Keystroke","j",,"127","1679709657209","views.py","1.1.5 for 2021-2022 @t1",,"j",,,,,
"X-Keystroke","e",,"128","1679709657338","views.py","1.1.5 for 2021-2022 @t1",,"e",,,,,
"X-Keystroke","c",,"129","1679709657445","views.py","1.1.5 for 2021-2022 @t1",,"c",,,,,
"X-Keystroke","t",,"130","1679709657729","views.py","1.1.5 for 2021-2022 @t1",,"t",,,,,
"File.Edit","s","","130","1679709660242","views.py","1.1.5 for 2021-2022 @t1","Insert",,,,,,
"X-Keystroke","s",,"131","1679709660244","views.py","1.1.5 for 2021-2022 @t1",,"s",,,,,
"File.Edit",".","","131","1679709661262","views.py","1.1.5 for 2021-2022 @t1","Insert",,,,,,
"X-Keystroke",".",,"132","1679709661263","views.py","1.1.5 for 2021-2022 @t1",,".",,,,,
"File.Edit","a","","132","1679709661496","views.py","1.1.5 for 2021-2022 @t1","Insert",,,,,,
"X-Keystroke","a",,"133","1679709661502","views.py","1.1.5 for 2021-2022 @t1",,"a",,,,,
"File.Edit","l","","133","1679709661888","views.py","1.1.5 for 2021-2022 @t1","Insert",,,,,,
"X-Keystroke","l",,"134","1679709661888","views.py","1.1.5 for 2021-2022 @t1",,"l",,,,,
"File.Edit","l","","134","1679709662025","views.py","1.1.5 for 2021-2022 @t1","Insert",,,,,,
"X-Keystroke","l",,"135","1679709662026","views.py","1.1.5 for 2021-2022 @t1",,"l",,,,,
"File.Edit","(","","135","1679709662714","views.py","1.1.5 for 2021-2022 @t1","Insert",,,,,,
"File.Edit",")","","136","1679709662715","views.py","1.1.5 for 2021-2022 @t1","Insert",,,,,,
"X-Keystroke","(",,"136","1679709662715","views.py","1.1.5 for 2021-2022 @t1",,"(",,,,,
"X-Keystroke",")",,"137","1679709663102","views.py","1.1.5 for 2021-2022 @t1",,")",,,,,
"X-Keystroke","s",,"131","1679709660244","views.py","1.1.5 for 2021-2022 @t1",,"s",,,,,
"X-Keystroke",".",,"132","1679709661263","views.py","1.1.5 for 2021-2022 @t1",,".",,,,,
"X-Keystroke","a",,"133","1679709661502","views.py","1.1.5 for 2021-2022 @t1",,"a",,,,,
"X-Keystroke","l",,"134","1679709661888","views.py","1.1.5 for 2021-2022 @t1",,"l",,,,,
"X-Keystroke","l",,"135","1679709662026","views.py","1.1.5 for 2021-2022 @t1",,"l",,,,,
"X-Keystroke","(",,"136","1679709662715","views.py","1.1.5 for 2021-2022 @t1",,"(",,,,,
"X-Keystroke",")",,"137","1679709663102","views.py","1.1.5 for 2021-2022 @t1",,")",,,,,
"X-Action","Enter",,,"1679709665299","views.py","1.1.5 for 2021-2022 @t1",,"Enter",,,,,
"File.Edit","    
","","138","1679709665303","views.py","1.1.5 for 2021-2022 @t1","Insert",,,,,,
"X-Action","Backspace",,,"1679709676124","views.py","1.1.5 for 2021-2022 @t1",,"Backspace",,,,,
"File.Edit","","t","164","1679709676125","views.py","1.1.5 for 2021-2022 @t1","Delete",,,,,,
"X-Action","Backspace",,,"1679709676308","views.py","1.1.5 for 2021-2022 @t1",,"Backspace",,,,,
"File.Edit","","s","163","1679709676319","views.py","1.1.5 for 2021-2022 @t1","Delete",,,,,,
"X-Action","Backspace",,,"1679709676525","views.py","1.1.5 for 2021-2022 @t1",,"Backspace",,,,,
"File.Edit","","i","162","1679709676527","views.py","1.1.5 for 2021-2022 @t1","Delete",,,,,,
"X-Action","Backspace",,,"1679709676714","views.py","1.1.5 for 2021-2022 @t1",,"Backspace",,,,,
"File.Edit","","l","161","1679709676716","views.py","1.1.5 for 2021-2022 @t1","Delete",,,,,,
"File.Edit","r","","161","1679709679097","views.py","1.1.5 for 2021-2022 @t1","Insert",,,,,,
"X-Keystroke","r",,"162","1679709679099","views.py","1.1.5 for 2021-2022 @t1",,"r",,,,,
"X-Keystroke","r",,"162","1679709679099","views.py","1.1.5 for 2021-2022 @t1",,"r",,,,,
"X-Keystroke","e",,"163","1679709679195","views.py","1.1.5 for 2021-2022 @t1",,"e",,,,,
"File.Edit","e","","162","1679709679193","views.py","1.1.5 for 2021-2022 @t1","Insert",,,,,,
"X-Keystroke","e",,"163","1679709679195","views.py","1.1.5 for 2021-2022 @t1",,"e",,,,,
"X-Action","Choose Lookup Item Replace",,,"1679709681145","views.py","1.1.5 for 2021-2022 @t1",,"Choose Lookup Item Replace",,,,,
"File.Edit","cipes","","163","1679709681151","views.py","1.1.5 for 2021-2022 @t1","Insert",,,,,,
"X-Action","Backspace",,,"1679709682079","views.py","1.1.5 for 2021-2022 @t1",,"Backspace",,,,,
"File.Edit","","s","167","1679709682082","views.py","1.1.5 for 2021-2022 @t1","Delete",,,,,,
"X-Action","Backspace",,,"1679709682334","views.py","1.1.5 for 2021-2022 @t1",,"Backspace",,,,,
"File.Edit","","e","166","1679709682346","views.py","1.1.5 for 2021-2022 @t1","Delete",,,,,,
"X-Action","Backspace",,,"1679709682364","views.py","1.1.5 for 2021-2022 @t1",,"Backspace",,,,,
"File.Edit","","p","165","1679709682366","views.py","1.1.5 for 2021-2022 @t1","Delete",,,,,,
"X-Action","Backspace",,,"1679709682397","views.py","1.1.5 for 2021-2022 @t1",,"Backspace",,,,,
"File.Edit","","i","164","1679709682398","views.py","1.1.5 for 2021-2022 @t1","Delete",,,,,,
"X-Action","Backspace",,,"1679709682509","views.py","1.1.5 for 2021-2022 @t1",,"Backspace",,,,,
"File.Edit","","c","163","1679709682510","views.py","1.1.5 for 2021-2022 @t1","Delete",,,,,,
"X-Action","Backspace",,,"1679709682689","views.py","1.1.5 for 2021-2022 @t1",,"Backspace",,,,,
"File.Edit","","e","162","1679709682691","views.py","1.1.5 for 2021-2022 @t1","Delete",,,,,,
"File.Edit","e","","162","1679709683456","views.py","1.1.5 for 2021-2022 @t1","Insert",,,,,,
"X-Keystroke","e",,"163","1679709683457","views.py","1.1.5 for 2021-2022 @t1",,"e",,,,,
"File.Edit","q","","163","1679709683952","views.py","1.1.5 for 2021-2022 @t1","Insert",,,,,,
"X-Keystroke","q",,"164","1679709683956","views.py","1.1.5 for 2021-2022 @t1",,"q",,,,,
"X-Action","Choose Lookup Item Replace",,,"1679709684492","views.py","1.1.5 for 2021-2022 @t1",,"Choose Lookup Item Replace",,,,,
"File.Edit","uest","","164","1679709684499","views.py","1.1.5 for 2021-2022 @t1","Insert",,,,,,
"X-Keystroke","e",,"163","1679709683457","views.py","1.1.5 for 2021-2022 @t1",,"e",,,,,
"X-Keystroke","q",,"164","1679709683956","views.py","1.1.5 for 2021-2022 @t1",,"q",,,,,
"File.Edit",",","","168","1679709687076","views.py","1.1.5 for 2021-2022 @t1","Insert",,,,,,
"X-Keystroke",",",,"169","1679709687078","views.py","1.1.5 for 2021-2022 @t1",,",",,,,,
"File.Edit"," ","","169","1679709687196","views.py","1.1.5 for 2021-2022 @t1","Insert",,,,,,
"X-Keystroke"," ",,"170","1679709687197","views.py","1.1.5 for 2021-2022 @t1",," ",,,,,
"File.Edit","""","","170","1679709688163","views.py","1.1.5 for 2021-2022 @t1","Insert",,,,,,
"File.Edit","""","","170","1679709688167","views.py","1.1.5 for 2021-2022 @t1","Insert",,,,,,
"X-Keystroke","""",,"171","1679709688167","views.py","1.1.5 for 2021-2022 @t1",,"""",,,,,
"X-Keystroke",",",,"169","1679709687078","views.py","1.1.5 for 2021-2022 @t1",,",",,,,,
"X-Keystroke"," ",,"170","1679709687197","views.py","1.1.5 for 2021-2022 @t1",," ",,,,,
"X-Keystroke","""",,"171","1679709688167","views.py","1.1.5 for 2021-2022 @t1",,"""",,,,,
"X-Keystroke","?",,"172","1679709721894","views.py","1.1.5 for 2021-2022 @t1",,"?",,,,,
"X-Keystroke","/",,"172","1679709723017","views.py","1.1.5 for 2021-2022 @t1",,"/",,,,,
"X-Keystroke","d",,"173","1679709723383","views.py","1.1.5 for 2021-2022 @t1",,"d",,,,,
"X-Keystroke","i",,"174","1679709723548","views.py","1.1.5 for 2021-2022 @t1",,"i",,,,,
"X-Keystroke","n",,"175","1679709723795","views.py","1.1.5 for 2021-2022 @t1",,"n",,,,,
"X-Keystroke","n",,"176","1679709723903","views.py","1.1.5 for 2021-2022 @t1",,"n",,,,,
"X-Keystroke","e",,"177","1679709724067","views.py","1.1.5 for 2021-2022 @t1",,"e",,,,,
"X-Keystroke","r",,"178","1679709724141","views.py","1.1.5 for 2021-2022 @t1",,"r",,,,,
"File.Edit","?","","171","1679709721892","views.py","1.1.5 for 2021-2022 @t1","Insert",,,,,,
"X-Keystroke","?",,"172","1679709721894","views.py","1.1.5 for 2021-2022 @t1",,"?",,,,,
"X-Action","Backspace",,,"1679709722593","views.py","1.1.5 for 2021-2022 @t1",,"Backspace",,,,,
"File.Edit","","?","171","1679709722594","views.py","1.1.5 for 2021-2022 @t1","Delete",,,,,,
"File.Edit","/","","171","1679709723016","views.py","1.1.5 for 2021-2022 @t1","Insert",,,,,,
"X-Keystroke","/",,"172","1679709723017","views.py","1.1.5 for 2021-2022 @t1",,"/",,,,,
"File.Edit","d","","172","1679709723382","views.py","1.1.5 for 2021-2022 @t1","Insert",,,,,,
"X-Keystroke","d",,"173","1679709723383","views.py","1.1.5 for 2021-2022 @t1",,"d",,,,,
"File.Edit","i","","173","1679709723547","views.py","1.1.5 for 2021-2022 @t1","Insert",,,,,,
"X-Keystroke","i",,"174","1679709723548","views.py","1.1.5 for 2021-2022 @t1",,"i",,,,,
"File.Edit","n","","174","1679709723794","views.py","1.1.5 for 2021-2022 @t1","Insert",,,,,,
"X-Keystroke","n",,"175","1679709723796","views.py","1.1.5 for 2021-2022 @t1",,"n",,,,,
"File.Edit","n","","175","1679709723901","views.py","1.1.5 for 2021-2022 @t1","Insert",,,,,,
"X-Keystroke","n",,"176","1679709723903","views.py","1.1.5 for 2021-2022 @t1",,"n",,,,,
"File.Edit","e","","176","1679709724066","views.py","1.1.5 for 2021-2022 @t1","Insert",,,,,,
"X-Keystroke","e",,"177","1679709724067","views.py","1.1.5 for 2021-2022 @t1",,"e",,,,,
"File.Edit","r","","177","1679709724141","views.py","1.1.5 for 2021-2022 @t1","Insert",,,,,,
"X-Keystroke","r",,"178","1679709724141","views.py","1.1.5 for 2021-2022 @t1",,"r",,,,,
"X-Keystroke","/",,"179","1679709726286","views.py","1.1.5 for 2021-2022 @t1",,"/",,,,,
"X-Keystroke","i",,"180","1679709728145","views.py","1.1.5 for 2021-2022 @t1",,"i",,,,,
"X-Keystroke","n",,"181","1679709728351","views.py","1.1.5 for 2021-2022 @t1",,"n",,,,,
"X-Keystroke","d",,"182","1679709728928","views.py","1.1.5 for 2021-2022 @t1",,"d",,,,,
"X-Keystroke","e",,"183","1679709729662","views.py","1.1.5 for 2021-2022 @t1",,"e",,,,,
"X-Keystroke","x",,"184","1679709730046","views.py","1.1.5 for 2021-2022 @t1",,"x",,,,,
"X-Keystroke",".",,"185","1679709730665","views.py","1.1.5 for 2021-2022 @t1",,".",,,,,
"X-Keystroke","h",,"186","1679709731241","views.py","1.1.5 for 2021-2022 @t1",,"h",,,,,
"X-Keystroke","t",,"187","1679709731468","views.py","1.1.5 for 2021-2022 @t1",,"t",,,,,
"X-Keystroke","m",,"188","1679709731644","views.py","1.1.5 for 2021-2022 @t1",,"m",,,,,
"X-Keystroke","l",,"189","1679709731902","views.py","1.1.5 for 2021-2022 @t1",,"l",,,,,
"File.Edit","/","","178","1679709726285","views.py","1.1.5 for 2021-2022 @t1","Insert",,,,,,
"X-Keystroke","/",,"179","1679709726287","views.py","1.1.5 for 2021-2022 @t1",,"/",,,,,
"File.Edit","i","","179","1679709728144","views.py","1.1.5 for 2021-2022 @t1","Insert",,,,,,
"X-Keystroke","i",,"180","1679709728146","views.py","1.1.5 for 2021-2022 @t1",,"i",,,,,
"File.Edit","n","","180","1679709728350","views.py","1.1.5 for 2021-2022 @t1","Insert",,,,,,
"X-Keystroke","n",,"181","1679709728352","views.py","1.1.5 for 2021-2022 @t1",,"n",,,,,
"File.Edit","d","","181","1679709728927","views.py","1.1.5 for 2021-2022 @t1","Insert",,,,,,
"X-Keystroke","d",,"182","1679709728928","views.py","1.1.5 for 2021-2022 @t1",,"d",,,,,
"File.Edit","e","","182","1679709729662","views.py","1.1.5 for 2021-2022 @t1","Insert",,,,,,
"X-Keystroke","e",,"183","1679709729662","views.py","1.1.5 for 2021-2022 @t1",,"e",,,,,
"File.Edit","x","","183","1679709730045","views.py","1.1.5 for 2021-2022 @t1","Insert",,,,,,
"X-Keystroke","x",,"184","1679709730046","views.py","1.1.5 for 2021-2022 @t1",,"x",,,,,
"File.Edit",".","","184","1679709730664","views.py","1.1.5 for 2021-2022 @t1","Insert",,,,,,
"X-Keystroke",".",,"185","1679709730665","views.py","1.1.5 for 2021-2022 @t1",,".",,,,,
"File.Edit","h","","185","1679709731240","views.py","1.1.5 for 2021-2022 @t1","Insert",,,,,,
"X-Keystroke","h",,"186","1679709731241","views.py","1.1.5 for 2021-2022 @t1",,"h",,,,,
"File.Edit","t","","186","1679709731467","views.py","1.1.5 for 2021-2022 @t1","Insert",,,,,,
"X-Keystroke","t",,"187","1679709731468","views.py","1.1.5 for 2021-2022 @t1",,"t",,,,,
"File.Edit","m","","187","1679709731643","views.py","1.1.5 for 2021-2022 @t1","Insert",,,,,,
"X-Keystroke","m",,"188","1679709731644","views.py","1.1.5 for 2021-2022 @t1",,"m",,,,,
"File.Edit","l","","188","1679709731901","views.py","1.1.5 for 2021-2022 @t1","Insert",,,,,,
"X-Keystroke","l",,"189","1679709731902","views.py","1.1.5 for 2021-2022 @t1",,"l",,,,,
"X-Action","Right",,,"1679709734103","views.py","1.1.5 for 2021-2022 @t1",,"Right",,,,,
"File.Edit",",","","190","1679709734371","views.py","1.1.5 for 2021-2022 @t1","Insert",,,,,,
"X-Keystroke",",",,"191","1679709734373","views.py","1.1.5 for 2021-2022 @t1",,",",,,,,
"File.Edit"," ","","191","1679709734531","views.py","1.1.5 for 2021-2022 @t1","Insert",,,,,,
"X-Keystroke"," ",,"192","1679709734531","views.py","1.1.5 for 2021-2022 @t1",," ",,,,,
"X-Keystroke",",",,"191","1679709734373","views.py","1.1.5 for 2021-2022 @t1",,",",,,,,
"X-Keystroke"," ",,"192","1679709734531","views.py","1.1.5 for 2021-2022 @t1",," ",,,,,
"File.Edit","""","","192","1679709737729","views.py","1.1.5 for 2021-2022 @t1","Insert",,,,,,
"File.Edit","""","","192","1679709737733","views.py","1.1.5 for 2021-2022 @t1","Insert",,,,,,
"X-Keystroke","""",,"193","1679709737733","views.py","1.1.5 for 2021-2022 @t1",,"""",,,,,
"File.Edit","r","","193","1679709738658","views.py","1.1.5 for 2021-2022 @t1","Insert",,,,,,
"X-Keystroke","r",,"194","1679709738659","views.py","1.1.5 for 2021-2022 @t1",,"r",,,,,
"File.Edit","e","","194","1679709738823","views.py","1.1.5 for 2021-2022 @t1","Insert",,,,,,
"X-Keystroke","e",,"195","1679709738824","views.py","1.1.5 for 2021-2022 @t1",,"e",,,,,
"File.Edit","c","","195","1679709739117","views.py","1.1.5 for 2021-2022 @t1","Insert",,,,,,
"X-Keystroke","c",,"196","1679709739117","views.py","1.1.5 for 2021-2022 @t1",,"c",,,,,
"File.Edit","i","","196","1679709739299","views.py","1.1.5 for 2021-2022 @t1","Insert",,,,,,
"X-Keystroke","i",,"197","1679709739300","views.py","1.1.5 for 2021-2022 @t1",,"i",,,,,
"File.Edit","p","","197","1679709739437","views.py","1.1.5 for 2021-2022 @t1","Insert",,,,,,
"X-Keystroke","p",,"198","1679709739437","views.py","1.1.5 for 2021-2022 @t1",,"p",,,,,
"File.Edit","e","","198","1679709739644","views.py","1.1.5 for 2021-2022 @t1","Insert",,,,,,
"X-Keystroke","e",,"199","1679709739645","views.py","1.1.5 for 2021-2022 @t1",,"e",,,,,
"File.Edit","s","","199","1679709739731","views.py","1.1.5 for 2021-2022 @t1","Insert",,,,,,
"X-Keystroke","s",,"200","1679709739732","views.py","1.1.5 for 2021-2022 @t1",,"s",,,,,
"X-Keystroke","""",,"193","1679709737733","views.py","1.1.5 for 2021-2022 @t1",,"""",,,,,
"X-Keystroke","r",,"194","1679709738659","views.py","1.1.5 for 2021-2022 @t1",,"r",,,,,
"X-Keystroke","e",,"195","1679709738824","views.py","1.1.5 for 2021-2022 @t1",,"e",,,,,
"X-Keystroke","c",,"196","1679709739117","views.py","1.1.5 for 2021-2022 @t1",,"c",,,,,
"X-Keystroke","i",,"197","1679709739300","views.py","1.1.5 for 2021-2022 @t1",,"i",,,,,
"X-Keystroke","p",,"198","1679709739437","views.py","1.1.5 for 2021-2022 @t1",,"p",,,,,
"X-Keystroke","e",,"199","1679709739645","views.py","1.1.5 for 2021-2022 @t1",,"e",,,,,
"X-Keystroke","s",,"200","1679709739732","views.py","1.1.5 for 2021-2022 @t1",,"s",,,,,
"X-Action","Right",,,"1679709742832","views.py","1.1.5 for 2021-2022 @t1",,"Right",,,,,
"File.Edit",":","","201","1679709744712","views.py","1.1.5 for 2021-2022 @t1","Insert",,,,,,
"X-Keystroke",":",,"202","1679709744714","views.py","1.1.5 for 2021-2022 @t1",,":",,,,,
"File.Edit"," ","","202","1679709745141","views.py","1.1.5 for 2021-2022 @t1","Insert",,,,,,
"X-Keystroke"," ",,"203","1679709745141","views.py","1.1.5 for 2021-2022 @t1",," ",,,,,
"File.Edit","r","","203","1679709745639","views.py","1.1.5 for 2021-2022 @t1","Insert",,,,,,
"X-Keystroke","r",,"204","1679709745640","views.py","1.1.5 for 2021-2022 @t1",,"r",,,,,
"File.Edit","e","","204","1679709745721","views.py","1.1.5 for 2021-2022 @t1","Insert",,,,,,
"X-Keystroke","e",,"205","1679709745724","views.py","1.1.5 for 2021-2022 @t1",,"e",,,,,
"X-Keystroke",":",,"202","1679709744714","views.py","1.1.5 for 2021-2022 @t1",,":",,,,,
"X-Keystroke"," ",,"203","1679709745141","views.py","1.1.5 for 2021-2022 @t1",," ",,,,,
"X-Keystroke","r",,"204","1679709745640","views.py","1.1.5 for 2021-2022 @t1",,"r",,,,,
"X-Keystroke","e",,"205","1679709745724","views.py","1.1.5 for 2021-2022 @t1",,"e",,,,,
"X-Keystroke","c",,"206","1679709745993","views.py","1.1.5 for 2021-2022 @t1",,"c",,,,,
"X-Keystroke","i",,"207","1679709746222","views.py","1.1.5 for 2021-2022 @t1",,"i",,,,,
"X-Keystroke","p",,"208","1679709746361","views.py","1.1.5 for 2021-2022 @t1",,"p",,,,,
"X-Keystroke","e",,"209","1679709746527","views.py","1.1.5 for 2021-2022 @t1",,"e",,,,,
"X-Keystroke","s",,"210","1679709746646","views.py","1.1.5 for 2021-2022 @t1",,"s",,,,,
"File.Edit","c","","205","1679709745989","views.py","1.1.5 for 2021-2022 @t1","Insert",,,,,,
"X-Keystroke","c",,"206","1679709745993","views.py","1.1.5 for 2021-2022 @t1",,"c",,,,,
"File.Edit","i","","206","1679709746221","views.py","1.1.5 for 2021-2022 @t1","Insert",,,,,,
"X-Keystroke","i",,"207","1679709746222","views.py","1.1.5 for 2021-2022 @t1",,"i",,,,,
"File.Edit","p","","207","1679709746360","views.py","1.1.5 for 2021-2022 @t1","Insert",,,,,,
"X-Keystroke","p",,"208","1679709746361","views.py","1.1.5 for 2021-2022 @t1",,"p",,,,,
"File.Edit","e","","208","1679709746527","views.py","1.1.5 for 2021-2022 @t1","Insert",,,,,,
"X-Keystroke","e",,"209","1679709746527","views.py","1.1.5 for 2021-2022 @t1",,"e",,,,,
"File.Edit","s","","209","1679709746645","views.py","1.1.5 for 2021-2022 @t1","Insert",,,,,,
"X-Keystroke","s",,"210","1679709746646","views.py","1.1.5 for 2021-2022 @t1",,"s",,,,,
"X-Action","Left",,,"1679709748534","views.py","1.1.5 for 2021-2022 @t1",,"Left",,,,,
"X-Action","Right",,,"1679709748896","views.py","1.1.5 for 2021-2022 @t1",,"Right",,,,,
"X-Keystroke","}",,"211","1679709750382","views.py","1.1.5 for 2021-2022 @t1",,"}",,,,,
"File.Edit","}","","210","1679709750381","views.py","1.1.5 for 2021-2022 @t1","Insert",,,,,,
"X-Keystroke","}",,"211","1679709750382","views.py","1.1.5 for 2021-2022 @t1",,"}",,,,,
"X-Action","Left",,,"1679709751528","views.py","1.1.5 for 2021-2022 @t1",,"Left",,,,,
"X-Action","Left",,,"1679709751780","views.py","1.1.5 for 2021-2022 @t1",,"Left",,,,,
"X-Action","Left",,,"1679709751812","views.py","1.1.5 for 2021-2022 @t1",,"Left",,,,,
"X-Action","Left",,,"1679709751843","views.py","1.1.5 for 2021-2022 @t1",,"Left",,,,,
"X-Action","Left",,,"1679709751877","views.py","1.1.5 for 2021-2022 @t1",,"Left",,,,,
"X-Action","Left",,,"1679709751908","views.py","1.1.5 for 2021-2022 @t1",,"Left",,,,,
"X-Action","Left",,,"1679709751943","views.py","1.1.5 for 2021-2022 @t1",,"Left",,,,,
"X-Action","Left",,,"1679709751975","views.py","1.1.5 for 2021-2022 @t1",,"Left",,,,,
"X-Action","Left",,,"1679709752026","views.py","1.1.5 for 2021-2022 @t1",,"Left",,,,,
"X-Action","Left",,,"1679709752043","views.py","1.1.5 for 2021-2022 @t1",,"Left",,,,,
"X-Action","Left",,,"1679709752076","views.py","1.1.5 for 2021-2022 @t1",,"Left",,,,,
"X-Action","Left",,,"1679709752109","views.py","1.1.5 for 2021-2022 @t1",,"Left",,,,,
"X-Action","Left",,,"1679709752143","views.py","1.1.5 for 2021-2022 @t1",,"Left",,,,,
"X-Action","Left",,,"1679709752176","views.py","1.1.5 for 2021-2022 @t1",,"Left",,,,,
"X-Action","Left",,,"1679709752210","views.py","1.1.5 for 2021-2022 @t1",,"Left",,,,,
"X-Action","Left",,,"1679709752243","views.py","1.1.5 for 2021-2022 @t1",,"Left",,,,,
"X-Action","Left",,,"1679709752278","views.py","1.1.5 for 2021-2022 @t1",,"Left",,,,,
"X-Action","Left",,,"1679709752516","views.py","1.1.5 for 2021-2022 @t1",,"Left",,,,,
"X-Action","Left",,,"1679709752724","views.py","1.1.5 for 2021-2022 @t1",,"Left",,,,,
"X-Keystroke","{",,"193","1679709753655","views.py","1.1.5 for 2021-2022 @t1",,"{",,,,,
"File.Edit","{","","192","1679709753653","views.py","1.1.5 for 2021-2022 @t1","Insert",,,,,,
"X-Keystroke","{",,"193","1679709753655","views.py","1.1.5 for 2021-2022 @t1",,"{",,,,,
"X-Action","Backspace",,,"1679709761878","views.py","1.1.5 for 2021-2022 @t1",,"Backspace",,,,,
"File.Edit",""," list = eval("""")","86","1679709761882","views.py","1.1.5 for 2021-2022 @t1","Delete",,,,,,
"X-Action","Backspace",,,"1679709762421","views.py","1.1.5 for 2021-2022 @t1",,"Backspace",,,,,
"File.Edit",""," ","85","1679709762423","views.py","1.1.5 for 2021-2022 @t1","Delete",,,,,,
"File.Edit","","  ","83","1679709762424","views.py","1.1.5 for 2021-2022 @t1","Delete",,,,,,
"X-Action","Backspace",,,"1679709762915","views.py","1.1.5 for 2021-2022 @t1",,"Backspace",,,,,
"File.Edit","","
","83","1679709762919","views.py","1.1.5 for 2021-2022 @t1","Delete",,,,,,
"File.Edit","","    ","118","1679709783357","views.py","1.1.5 for 2021-2022 @t1","Delete",,,,,,
