"EventType","InsertText","DeleteText","SourceLocation","ClientTimestamp","CodeStateSection","ToolInstances","EditType","X-Metadata","CodeStateID","X-Compilable","EventID","SubjectID","AssignmentID"
"X-Action","ShowYourWork Init","","","1679450671277",,"1.1.5 for 2021-2022 @t1",,"Init",,,,,
"X-Action","ShowYourWork Init","","","1679451914355",,"1.1.5 for 2021-2022 @t1",,"Init",,,,,
"X-Action","ShowYourWork Init","","","1679703670806",,"1.1.5 for 2021-2022 @t1",,"Init",,,,,
"X-Action","ShowYourWork Init","","","1679708130941",,"1.1.5 for 2021-2022 @t1",,"Init",,,,,
"X-Action","Enter",,,"1679712649174","Plan.md","1.1.5 for 2021-2022 @t1",,"Enter",,,,,
"File.Edit","# Cookery

A simple dinner idea picker using Django and the Spoontastic API.

## Requirements

- Display a list of recipes at the index.
- Have a pick button that sends you to the detail view for one of them.
- Pick a random dinner either from a database of the user's own recipes or from
the api.
- Save recipes to the database and get them out.
- Fetch recipes from the API?

## Models

**Recipe:**
- name
- instructions : String

**Ingredient**
- name
- recipe : many-to-many

## View Functions

- index : Returns the HTML for the recipe list

- new_recipe : Returns HTML for the form to put in a new recipe
- recipe_detail : Returns HTML for the details of a specific recipe

","","0","1679712649192","Plan.md","1.1.5 for 2021-2022 @t1","Insert",,,,,,
"File.Edit","- ","","546","1679712649198","Plan.md","1.1.5 for 2021-2022 @t1","Insert",,,,,,
"X-Action","Tab",,,"1679712649267","Plan.md","1.1.5 for 2021-2022 @t1",,"Tab",,,,,
"File.Edit","  ","","546","1679712649271","Plan.md","1.1.5 for 2021-2022 @t1","Insert",,,,,,
"X-Action","Backspace",,,"1679712651647","Plan.md","1.1.5 for 2021-2022 @t1",,"Backspace",,,,,
"File.Edit",""," ","549","1679712651651","Plan.md","1.1.5 for 2021-2022 @t1","Delete",,,,,,
"X-Action","Backspace",,,"1679712651832","Plan.md","1.1.5 for 2021-2022 @t1",,"Backspace",,,,,
"File.Edit","","-","548","1679712651834","Plan.md","1.1.5 for 2021-2022 @t1","Delete",,,,,,
"X-Action","Backspace",,,"1679712652036","Plan.md","1.1.5 for 2021-2022 @t1",,"Backspace",,,,,
"File.Edit",""," ","547","1679712652039","Plan.md","1.1.5 for 2021-2022 @t1","Delete",,,,,,
"File.Edit",""," ","546","1679712652041","Plan.md","1.1.5 for 2021-2022 @t1","Delete",,,,,,
"X-Action","Backspace",,,"1679712652367","Plan.md","1.1.5 for 2021-2022 @t1",,"Backspace",,,,,
"File.Edit","","
","546","1679712652377","Plan.md","1.1.5 for 2021-2022 @t1","Delete",,,,,,
"X-Action","Enter",,,"1679712660029","Plan.md","1.1.5 for 2021-2022 @t1",,"Enter",,,,,
"File.Edit","
","","610","1679712660034","Plan.md","1.1.5 for 2021-2022 @t1","Insert",,,,,,
"File.Edit","- ","","610","1679712660039","Plan.md","1.1.5 for 2021-2022 @t1","Insert",,,,,,
"X-Action","Tab",,,"1679712660128","Plan.md","1.1.5 for 2021-2022 @t1",,"Tab",,,,,
"File.Edit","  ","","610","1679712660129","Plan.md","1.1.5 for 2021-2022 @t1","Insert",,,,,,
"File.Edit","r","","614","1679712662352","Plan.md","1.1.5 for 2021-2022 @t1","Insert",,,,,,
"X-Keystroke","r",,"615","1679712662354","Plan.md","1.1.5 for 2021-2022 @t1",,"r",,,,,
"File.Edit","e","","615","1679712662483","Plan.md","1.1.5 for 2021-2022 @t1","Insert",,,,,,
"X-Keystroke","e",,"616","1679712662484","Plan.md","1.1.5 for 2021-2022 @t1",,"e",,,,,
"X-Keystroke","r",,"615","1679712662354","Plan.md","1.1.5 for 2021-2022 @t1",,"r",,,,,
"X-Keystroke","e",,"616","1679712662484","Plan.md","1.1.5 for 2021-2022 @t1",,"e",,,,,
"X-Keystroke","t",,"617","1679712664988","Plan.md","1.1.5 for 2021-2022 @t1",,"t",,,,,
"X-Keystroke","r",,"618","1679712665074","Plan.md","1.1.5 for 2021-2022 @t1",,"r",,,,,
"X-Keystroke","i",,"619","1679712665279","Plan.md","1.1.5 for 2021-2022 @t1",,"i",,,,,
"File.Edit","t","","616","1679712664986","Plan.md","1.1.5 for 2021-2022 @t1","Insert",,,,,,
"X-Keystroke","t",,"617","1679712664988","Plan.md","1.1.5 for 2021-2022 @t1",,"t",,,,,
"File.Edit","r","","617","1679712665074","Plan.md","1.1.5 for 2021-2022 @t1","Insert",,,,,,
"X-Keystroke","r",,"618","1679712665074","Plan.md","1.1.5 for 2021-2022 @t1",,"r",,,,,
"File.Edit","i","","618","1679712665278","Plan.md","1.1.5 for 2021-2022 @t1","Insert",,,,,,
"X-Keystroke","i",,"619","1679712665279","Plan.md","1.1.5 for 2021-2022 @t1",,"i",,,,,
"File.Edit","v","","619","1679712665497","Plan.md","1.1.5 for 2021-2022 @t1","Insert",,,,,,
"X-Keystroke","v",,"620","1679712665498","Plan.md","1.1.5 for 2021-2022 @t1",,"v",,,,,
"File.Edit","e","","620","1679712665580","Plan.md","1.1.5 for 2021-2022 @t1","Insert",,,,,,
"X-Keystroke","e",,"621","1679712665580","Plan.md","1.1.5 for 2021-2022 @t1",,"e",,,,,
"X-Action","Backspace",,,"1679712666464","Plan.md","1.1.5 for 2021-2022 @t1",,"Backspace",,,,,
"File.Edit","","e","620","1679712666469","Plan.md","1.1.5 for 2021-2022 @t1","Delete",,,,,,
"X-Action","Backspace",,,"1679712666628","Plan.md","1.1.5 for 2021-2022 @t1",,"Backspace",,,,,
"File.Edit","","v","619","1679712666631","Plan.md","1.1.5 for 2021-2022 @t1","Delete",,,,,,
"X-Action","Backspace",,,"1679712666768","Plan.md","1.1.5 for 2021-2022 @t1",,"Backspace",,,,,
"File.Edit","","i","618","1679712666770","Plan.md","1.1.5 for 2021-2022 @t1","Delete",,,,,,
"File.Edit","i","","618","1679712667458","Plan.md","1.1.5 for 2021-2022 @t1","Insert",,,,,,
"X-Keystroke","i",,"619","1679712667459","Plan.md","1.1.5 for 2021-2022 @t1",,"i",,,,,
"File.Edit","e","","619","1679712667524","Plan.md","1.1.5 for 2021-2022 @t1","Insert",,,,,,
"X-Keystroke","e",,"620","1679712667525","Plan.md","1.1.5 for 2021-2022 @t1",,"e",,,,,
"File.Edit","v","","620","1679712667711","Plan.md","1.1.5 for 2021-2022 @t1","Insert",,,,,,
"X-Keystroke","v",,"621","1679712667712","Plan.md","1.1.5 for 2021-2022 @t1",,"v",,,,,
"File.Edit","e","","621","1679712667791","Plan.md","1.1.5 for 2021-2022 @t1","Insert",,,,,,
"X-Keystroke","e",,"622","1679712667791","Plan.md","1.1.5 for 2021-2022 @t1",,"e",,,,,
"X-Keystroke","v",,"620","1679712665498","Plan.md","1.1.5 for 2021-2022 @t1",,"v",,,,,
"X-Keystroke","e",,"621","1679712665580","Plan.md","1.1.5 for 2021-2022 @t1",,"e",,,,,
"X-Keystroke","i",,"619","1679712667459","Plan.md","1.1.5 for 2021-2022 @t1",,"i",,,,,
"X-Keystroke","e",,"620","1679712667525","Plan.md","1.1.5 for 2021-2022 @t1",,"e",,,,,
"X-Keystroke","v",,"621","1679712667712","Plan.md","1.1.5 for 2021-2022 @t1",,"v",,,,,
"X-Keystroke","e",,"622","1679712667791","Plan.md","1.1.5 for 2021-2022 @t1",,"e",,,,,
"X-Keystroke"," ",,"623","1679712668343","Plan.md","1.1.5 for 2021-2022 @t1",," ",,,,,
"File.Edit"," ","","622","1679712668339","Plan.md","1.1.5 for 2021-2022 @t1","Insert",,,,,,
"X-Keystroke"," ",,"623","1679712668343","Plan.md","1.1.5 for 2021-2022 @t1",," ",,,,,
"File.Edit","i","","623","1679712670751","Plan.md","1.1.5 for 2021-2022 @t1","Insert",,,,,,
"X-Keystroke","i",,"624","1679712670753","Plan.md","1.1.5 for 2021-2022 @t1",,"i",,,,,
"File.Edit","n","","624","1679712670932","Plan.md","1.1.5 for 2021-2022 @t1","Insert",,,,,,
"X-Keystroke","n",,"625","1679712670933","Plan.md","1.1.5 for 2021-2022 @t1",,"n",,,,,
"File.Edit","o","","625","1679712671125","Plan.md","1.1.5 for 2021-2022 @t1","Insert",,,,,,
"X-Keystroke","o",,"626","1679712671125","Plan.md","1.1.5 for 2021-2022 @t1",,"o",,,,,
"File.Edit","u","","626","1679712671297","Plan.md","1.1.5 for 2021-2022 @t1","Insert",,,,,,
"X-Keystroke","u",,"627","1679712671297","Plan.md","1.1.5 for 2021-2022 @t1",,"u",,,,,
"X-Keystroke","i",,"624","1679712670753","Plan.md","1.1.5 for 2021-2022 @t1",,"i",,,,,
"X-Keystroke","n",,"625","1679712670933","Plan.md","1.1.5 for 2021-2022 @t1",,"n",,,,,
"X-Keystroke","o",,"626","1679712671125","Plan.md","1.1.5 for 2021-2022 @t1",,"o",,,,,
"X-Keystroke","u",,"627","1679712671297","Plan.md","1.1.5 for 2021-2022 @t1",,"u",,,,,
"X-Keystroke","t",,"628","1679712671461","Plan.md","1.1.5 for 2021-2022 @t1",,"t",,,,,
"X-Keystroke"," ",,"629","1679712671581","Plan.md","1.1.5 for 2021-2022 @t1",," ",,,,,
"X-Keystroke","f",,"630","1679712671793","Plan.md","1.1.5 for 2021-2022 @t1",,"f",,,,,
"X-Keystroke","r",,"631","1679712671948","Plan.md","1.1.5 for 2021-2022 @t1",,"r",,,,,
"X-Keystroke","o",,"632","1679712672047","Plan.md","1.1.5 for 2021-2022 @t1",,"o",,,,,
"X-Keystroke","m",,"633","1679712672262","Plan.md","1.1.5 for 2021-2022 @t1",,"m",,,,,
"X-Keystroke"," ",,"634","1679712672378","Plan.md","1.1.5 for 2021-2022 @t1",," ",,,,,
"X-Keystroke","s",,"635","1679712672730","Plan.md","1.1.5 for 2021-2022 @t1",,"s",,,,,
"X-Keystroke","e",,"636","1679712673095","Plan.md","1.1.5 for 2021-2022 @t1",,"e",,,,,
"X-Keystroke","r",,"637","1679712673219","Plan.md","1.1.5 for 2021-2022 @t1",,"r",,,,,
"X-Keystroke","v",,"638","1679712673455","Plan.md","1.1.5 for 2021-2022 @t1",,"v",,,,,
"X-Keystroke","e",,"639","1679712673614","Plan.md","1.1.5 for 2021-2022 @t1",,"e",,,,,
"X-Keystroke","r",,"640","1679712673713","Plan.md","1.1.5 for 2021-2022 @t1",,"r",,,,,
"File.Edit","t","","627","1679712671460","Plan.md","1.1.5 for 2021-2022 @t1","Insert",,,,,,
"X-Keystroke","t",,"628","1679712671461","Plan.md","1.1.5 for 2021-2022 @t1",,"t",,,,,
"File.Edit"," ","","628","1679712671579","Plan.md","1.1.5 for 2021-2022 @t1","Insert",,,,,,
"X-Keystroke"," ",,"629","1679712671581","Plan.md","1.1.5 for 2021-2022 @t1",," ",,,,,
"File.Edit","f","","629","1679712671792","Plan.md","1.1.5 for 2021-2022 @t1","Insert",,,,,,
"X-Keystroke","f",,"630","1679712671793","Plan.md","1.1.5 for 2021-2022 @t1",,"f",,,,,
"File.Edit","r","","630","1679712671947","Plan.md","1.1.5 for 2021-2022 @t1","Insert",,,,,,
"X-Keystroke","r",,"631","1679712671948","Plan.md","1.1.5 for 2021-2022 @t1",,"r",,,,,
"File.Edit","o","","631","1679712672047","Plan.md","1.1.5 for 2021-2022 @t1","Insert",,,,,,
"X-Keystroke","o",,"632","1679712672047","Plan.md","1.1.5 for 2021-2022 @t1",,"o",,,,,
"File.Edit","m","","632","1679712672261","Plan.md","1.1.5 for 2021-2022 @t1","Insert",,,,,,
"X-Keystroke","m",,"633","1679712672262","Plan.md","1.1.5 for 2021-2022 @t1",,"m",,,,,
"File.Edit"," ","","633","1679712672375","Plan.md","1.1.5 for 2021-2022 @t1","Insert",,,,,,
"X-Keystroke"," ",,"634","1679712672378","Plan.md","1.1.5 for 2021-2022 @t1",," ",,,,,
"File.Edit","s","","634","1679712672729","Plan.md","1.1.5 for 2021-2022 @t1","Insert",,,,,,
"X-Keystroke","s",,"635","1679712672730","Plan.md","1.1.5 for 2021-2022 @t1",,"s",,,,,
"File.Edit","e","","635","1679712673095","Plan.md","1.1.5 for 2021-2022 @t1","Insert",,,,,,
"X-Keystroke","e",,"636","1679712673095","Plan.md","1.1.5 for 2021-2022 @t1",,"e",,,,,
"File.Edit","r","","636","1679712673219","Plan.md","1.1.5 for 2021-2022 @t1","Insert",,,,,,
"X-Keystroke","r",,"637","1679712673220","Plan.md","1.1.5 for 2021-2022 @t1",,"r",,,,,
"File.Edit","v","","637","1679712673454","Plan.md","1.1.5 for 2021-2022 @t1","Insert",,,,,,
"X-Keystroke","v",,"638","1679712673455","Plan.md","1.1.5 for 2021-2022 @t1",,"v",,,,,
"File.Edit","e","","638","1679712673613","Plan.md","1.1.5 for 2021-2022 @t1","Insert",,,,,,
"X-Keystroke","e",,"639","1679712673614","Plan.md","1.1.5 for 2021-2022 @t1",,"e",,,,,
"File.Edit","r","","639","1679712673713","Plan.md","1.1.5 for 2021-2022 @t1","Insert",,,,,,
"X-Keystroke","r",,"640","1679712673713","Plan.md","1.1.5 for 2021-2022 @t1",,"r",,,,,
"X-Action","Enter",,,"1679712674664","Plan.md","1.1.5 for 2021-2022 @t1",,"Enter",,,,,
"File.Edit","  
","","641","1679712674668","Plan.md","1.1.5 for 2021-2022 @t1","Insert",,,,,,
"File.Edit","","  ","641","1679712674670","Plan.md","1.1.5 for 2021-2022 @t1","Delete",,,,,,
"File.Edit","  - ","","641","1679712674671","Plan.md","1.1.5 for 2021-2022 @t1","Insert",,,,,,
"X-Action","Tab",,,"1679712674760","Plan.md","1.1.5 for 2021-2022 @t1",,"Tab",,,,,
"File.Edit","  ","","641","1679712674762","Plan.md","1.1.5 for 2021-2022 @t1","Insert",,,,,,
"X-Action","Backspace",,,"1679712675845","Plan.md","1.1.5 for 2021-2022 @t1",,"Backspace",,,,,
"File.Edit",""," ","646","1679712675849","Plan.md","1.1.5 for 2021-2022 @t1","Delete",,,,,,
"X-Action","Backspace",,,"1679712676112","Plan.md","1.1.5 for 2021-2022 @t1",,"Backspace",,,,,
"File.Edit","","-","645","1679712676114","Plan.md","1.1.5 for 2021-2022 @t1","Delete",,,,,,
"X-Action","Backspace",,,"1679712676646","Plan.md","1.1.5 for 2021-2022 @t1",,"Backspace",,,,,
"File.Edit",""," ","644","1679712676650","Plan.md","1.1.5 for 2021-2022 @t1","Delete",,,,,,
"File.Edit",""," ","643","1679712676653","Plan.md","1.1.5 for 2021-2022 @t1","Delete",,,,,,
"X-Action","Tab",,,"1679712676882","Plan.md","1.1.5 for 2021-2022 @t1",,"Tab",,,,,
"File.Edit","  ","","643","1679712676883","Plan.md","1.1.5 for 2021-2022 @t1","Insert",,,,,,
"File.Edit","-","","645","1679712678141","Plan.md","1.1.5 for 2021-2022 @t1","Insert",,,,,,
"X-Keystroke","-",,"646","1679712678143","Plan.md","1.1.5 for 2021-2022 @t1",,"-",,,,,
"File.Edit"," ","","646","1679712678625","Plan.md","1.1.5 for 2021-2022 @t1","Insert",,,,,,
"X-Keystroke"," ",,"647","1679712678628","Plan.md","1.1.5 for 2021-2022 @t1",," ",,,,,
"X-Keystroke","-",,"646","1679712678143","Plan.md","1.1.5 for 2021-2022 @t1",,"-",,,,,
"X-Keystroke"," ",,"647","1679712678628","Plan.md","1.1.5 for 2021-2022 @t1",," ",,,,,
"X-Action","Backspace",,,"1679712685080","Plan.md","1.1.5 for 2021-2022 @t1",,"Backspace",,,,,
"File.Edit","","o","625","1679712685090","Plan.md","1.1.5 for 2021-2022 @t1","Delete",,,,,,
"File.Edit","p","","625","1679712685434","Plan.md","1.1.5 for 2021-2022 @t1","Insert",,,,,,
"X-Keystroke","p",,"626","1679712685435","Plan.md","1.1.5 for 2021-2022 @t1",,"p",,,,,
"X-Keystroke","p",,"626","1679712685435","Plan.md","1.1.5 for 2021-2022 @t1",,"p",,,,,
"File.Edit","n","","647","1679712697750","Plan.md","1.1.5 for 2021-2022 @t1","Insert",,,,,,
"X-Keystroke","n",,"648","1679712697751","Plan.md","1.1.5 for 2021-2022 @t1",,"n",,,,,
"File.Edit","a","","648","1679712697825","Plan.md","1.1.5 for 2021-2022 @t1","Insert",,,,,,
"X-Keystroke","a",,"649","1679712697825","Plan.md","1.1.5 for 2021-2022 @t1",,"a",,,,,
"File.Edit","m","","649","1679712697969","Plan.md","1.1.5 for 2021-2022 @t1","Insert",,,,,,
"X-Keystroke","m",,"650","1679712697970","Plan.md","1.1.5 for 2021-2022 @t1",,"m",,,,,
"File.Edit","e","","650","1679712698093","Plan.md","1.1.5 for 2021-2022 @t1","Insert",,,,,,
"X-Keystroke","e",,"651","1679712698093","Plan.md","1.1.5 for 2021-2022 @t1",,"e",,,,,
"File.Edit"," ","","651","1679712700415","Plan.md","1.1.5 for 2021-2022 @t1","Insert",,,,,,
"X-Keystroke"," ",,"652","1679712700420","Plan.md","1.1.5 for 2021-2022 @t1",," ",,,,,
"File.Edit","o","","652","1679712700558","Plan.md","1.1.5 for 2021-2022 @t1","Insert",,,,,,
"X-Keystroke","o",,"653","1679712700559","Plan.md","1.1.5 for 2021-2022 @t1",,"o",,,,,
"File.Edit","f","","653","1679712700656","Plan.md","1.1.5 for 2021-2022 @t1","Insert",,,,,,
"X-Keystroke","f",,"654","1679712700657","Plan.md","1.1.5 for 2021-2022 @t1",,"f",,,,,
"File.Edit"," ","","654","1679712700718","Plan.md","1.1.5 for 2021-2022 @t1","Insert",,,,,,
"X-Keystroke"," ",,"655","1679712700720","Plan.md","1.1.5 for 2021-2022 @t1",," ",,,,,
"X-Keystroke","n",,"648","1679712697751","Plan.md","1.1.5 for 2021-2022 @t1",,"n",,,,,
"X-Keystroke","a",,"649","1679712697825","Plan.md","1.1.5 for 2021-2022 @t1",,"a",,,,,
"X-Keystroke","m",,"650","1679712697970","Plan.md","1.1.5 for 2021-2022 @t1",,"m",,,,,
"X-Keystroke","e",,"651","1679712698093","Plan.md","1.1.5 for 2021-2022 @t1",,"e",,,,,
"X-Keystroke"," ",,"652","1679712700420","Plan.md","1.1.5 for 2021-2022 @t1",," ",,,,,
"X-Keystroke","o",,"653","1679712700559","Plan.md","1.1.5 for 2021-2022 @t1",,"o",,,,,
"X-Keystroke","f",,"654","1679712700657","Plan.md","1.1.5 for 2021-2022 @t1",,"f",,,,,
"X-Keystroke"," ",,"655","1679712700720","Plan.md","1.1.5 for 2021-2022 @t1",," ",,,,,
"File.Edit","r","","655","1679712700917","Plan.md","1.1.5 for 2021-2022 @t1","Insert",,,,,,
"X-Keystroke","r",,"656","1679712700918","Plan.md","1.1.5 for 2021-2022 @t1",,"r",,,,,
"File.Edit","e","","656","1679712700999","Plan.md","1.1.5 for 2021-2022 @t1","Insert",,,,,,
"X-Keystroke","e",,"657","1679712701000","Plan.md","1.1.5 for 2021-2022 @t1",,"e",,,,,
"File.Edit","c","","657","1679712701211","Plan.md","1.1.5 for 2021-2022 @t1","Insert",,,,,,
"X-Keystroke","c",,"658","1679712701212","Plan.md","1.1.5 for 2021-2022 @t1",,"c",,,,,
"File.Edit","i","","658","1679712701357","Plan.md","1.1.5 for 2021-2022 @t1","Insert",,,,,,
"X-Keystroke","i",,"659","1679712701358","Plan.md","1.1.5 for 2021-2022 @t1",,"i",,,,,
"File.Edit","p","","659","1679712701543","Plan.md","1.1.5 for 2021-2022 @t1","Insert",,,,,,
"X-Keystroke","p",,"660","1679712701544","Plan.md","1.1.5 for 2021-2022 @t1",,"p",,,,,
"File.Edit","e","","660","1679712701712","Plan.md","1.1.5 for 2021-2022 @t1","Insert",,,,,,
"X-Keystroke","e",,"661","1679712701712","Plan.md","1.1.5 for 2021-2022 @t1",,"e",,,,,
"X-Action","Enter",,,"1679712702076","Plan.md","1.1.5 for 2021-2022 @t1",,"Enter",,,,,
"File.Edit","    
","","662","1679712702078","Plan.md","1.1.5 for 2021-2022 @t1","Insert",,,,,,
"File.Edit","","    ","662","1679712702079","Plan.md","1.1.5 for 2021-2022 @t1","Delete",,,,,,
"File.Edit","    - ","","662","1679712702080","Plan.md","1.1.5 for 2021-2022 @t1","Insert",,,,,,
"X-Keystroke","r",,"656","1679712700918","Plan.md","1.1.5 for 2021-2022 @t1",,"r",,,,,
"X-Keystroke","e",,"657","1679712701000","Plan.md","1.1.5 for 2021-2022 @t1",,"e",,,,,
"X-Keystroke","c",,"658","1679712701212","Plan.md","1.1.5 for 2021-2022 @t1",,"c",,,,,
"X-Keystroke","i",,"659","1679712701358","Plan.md","1.1.5 for 2021-2022 @t1",,"i",,,,,
"X-Keystroke","p",,"660","1679712701544","Plan.md","1.1.5 for 2021-2022 @t1",,"p",,,,,
"X-Keystroke","e",,"661","1679712701712","Plan.md","1.1.5 for 2021-2022 @t1",,"e",,,,,
"X-Keystroke","r",,"669","1679712704784","Plan.md","1.1.5 for 2021-2022 @t1",,"r",,,,,
"X-Keystroke","e",,"670","1679712704848","Plan.md","1.1.5 for 2021-2022 @t1",,"e",,,,,
"X-Keystroke","c",,"671","1679712705081","Plan.md","1.1.5 for 2021-2022 @t1",,"c",,,,,
"X-Keystroke","i",,"672","1679712705194","Plan.md","1.1.5 for 2021-2022 @t1",,"i",,,,,
"X-Keystroke","p",,"673","1679712705313","Plan.md","1.1.5 for 2021-2022 @t1",,"p",,,,,
"X-Keystroke","e",,"674","1679712705467","Plan.md","1.1.5 for 2021-2022 @t1",,"e",,,,,
"X-Keystroke"," ",,"675","1679712705634","Plan.md","1.1.5 for 2021-2022 @t1",," ",,,,,
"X-Keystroke","i",,"676","1679712706291","Plan.md","1.1.5 for 2021-2022 @t1",,"i",,,,,
"X-Keystroke","n",,"677","1679712706494","Plan.md","1.1.5 for 2021-2022 @t1",,"n",,,,,
"X-Keystroke","g",,"678","1679712706681","Plan.md","1.1.5 for 2021-2022 @t1",,"g",,,,,
"X-Keystroke","r",,"679","1679712706919","Plan.md","1.1.5 for 2021-2022 @t1",,"r",,,,,
"X-Keystroke","e",,"680","1679712706997","Plan.md","1.1.5 for 2021-2022 @t1",,"e",,,,,
"X-Keystroke","d",,"681","1679712707410","Plan.md","1.1.5 for 2021-2022 @t1",,"d",,,,,
"X-Keystroke","i",,"682","1679712707518","Plan.md","1.1.5 for 2021-2022 @t1",,"i",,,,,
"X-Keystroke","e",,"683","1679712707595","Plan.md","1.1.5 for 2021-2022 @t1",,"e",,,,,
"X-Keystroke","n",,"684","1679712707761","Plan.md","1.1.5 for 2021-2022 @t1",,"n",,,,,
"File.Edit","r","","668","1679712704782","Plan.md","1.1.5 for 2021-2022 @t1","Insert",,,,,,
"X-Keystroke","r",,"669","1679712704784","Plan.md","1.1.5 for 2021-2022 @t1",,"r",,,,,
"File.Edit","e","","669","1679712704847","Plan.md","1.1.5 for 2021-2022 @t1","Insert",,,,,,
"X-Keystroke","e",,"670","1679712704848","Plan.md","1.1.5 for 2021-2022 @t1",,"e",,,,,
"File.Edit","c","","670","1679712705080","Plan.md","1.1.5 for 2021-2022 @t1","Insert",,,,,,
"X-Keystroke","c",,"671","1679712705081","Plan.md","1.1.5 for 2021-2022 @t1",,"c",,,,,
"File.Edit","i","","671","1679712705193","Plan.md","1.1.5 for 2021-2022 @t1","Insert",,,,,,
"X-Keystroke","i",,"672","1679712705194","Plan.md","1.1.5 for 2021-2022 @t1",,"i",,,,,
"File.Edit","p","","672","1679712705313","Plan.md","1.1.5 for 2021-2022 @t1","Insert",,,,,,
"X-Keystroke","p",,"673","1679712705313","Plan.md","1.1.5 for 2021-2022 @t1",,"p",,,,,
"File.Edit","e","","673","1679712705466","Plan.md","1.1.5 for 2021-2022 @t1","Insert",,,,,,
"X-Keystroke","e",,"674","1679712705467","Plan.md","1.1.5 for 2021-2022 @t1",,"e",,,,,
"File.Edit"," ","","674","1679712705631","Plan.md","1.1.5 for 2021-2022 @t1","Insert",,,,,,
"X-Keystroke"," ",,"675","1679712705634","Plan.md","1.1.5 for 2021-2022 @t1",," ",,,,,
"File.Edit","i","","675","1679712706290","Plan.md","1.1.5 for 2021-2022 @t1","Insert",,,,,,
"X-Keystroke","i",,"676","1679712706291","Plan.md","1.1.5 for 2021-2022 @t1",,"i",,,,,
"File.Edit","n","","676","1679712706493","Plan.md","1.1.5 for 2021-2022 @t1","Insert",,,,,,
"X-Keystroke","n",,"677","1679712706494","Plan.md","1.1.5 for 2021-2022 @t1",,"n",,,,,
"File.Edit","g","","677","1679712706680","Plan.md","1.1.5 for 2021-2022 @t1","Insert",,,,,,
"X-Keystroke","g",,"678","1679712706681","Plan.md","1.1.5 for 2021-2022 @t1",,"g",,,,,
"File.Edit","r","","678","1679712706918","Plan.md","1.1.5 for 2021-2022 @t1","Insert",,,,,,
"X-Keystroke","r",,"679","1679712706919","Plan.md","1.1.5 for 2021-2022 @t1",,"r",,,,,
"File.Edit","e","","679","1679712706996","Plan.md","1.1.5 for 2021-2022 @t1","Insert",,,,,,
"X-Keystroke","e",,"680","1679712706997","Plan.md","1.1.5 for 2021-2022 @t1",,"e",,,,,
"File.Edit","d","","680","1679712707410","Plan.md","1.1.5 for 2021-2022 @t1","Insert",,,,,,
"X-Keystroke","d",,"681","1679712707410","Plan.md","1.1.5 for 2021-2022 @t1",,"d",,,,,
"File.Edit","i","","681","1679712707517","Plan.md","1.1.5 for 2021-2022 @t1","Insert",,,,,,
"X-Keystroke","i",,"682","1679712707518","Plan.md","1.1.5 for 2021-2022 @t1",,"i",,,,,
"File.Edit","e","","682","1679712707594","Plan.md","1.1.5 for 2021-2022 @t1","Insert",,,,,,
"X-Keystroke","e",,"683","1679712707595","Plan.md","1.1.5 for 2021-2022 @t1",,"e",,,,,
"File.Edit","n","","683","1679712707760","Plan.md","1.1.5 for 2021-2022 @t1","Insert",,,,,,
"X-Keystroke","n",,"684","1679712707761","Plan.md","1.1.5 for 2021-2022 @t1",,"n",,,,,
"File.Edit","t","","684","1679712707867","Plan.md","1.1.5 for 2021-2022 @t1","Insert",,,,,,
"X-Keystroke","t",,"685","1679712707867","Plan.md","1.1.5 for 2021-2022 @t1",,"t",,,,,
"File.Edit","s","","685","1679712708518","Plan.md","1.1.5 for 2021-2022 @t1","Insert",,,,,,
"X-Keystroke","s",,"686","1679712708519","Plan.md","1.1.5 for 2021-2022 @t1",,"s",,,,,
"X-Action","Enter",,,"1679712709180","Plan.md","1.1.5 for 2021-2022 @t1",,"Enter",,,,,
"File.Edit","    
","","687","1679712709184","Plan.md","1.1.5 for 2021-2022 @t1","Insert",,,,,,
"File.Edit","","    ","687","1679712709186","Plan.md","1.1.5 for 2021-2022 @t1","Delete",,,,,,
"File.Edit","    - ","","687","1679712709187","Plan.md","1.1.5 for 2021-2022 @t1","Insert",,,,,,
"X-Keystroke","t",,"685","1679712707867","Plan.md","1.1.5 for 2021-2022 @t1",,"t",,,,,
"X-Keystroke","s",,"686","1679712708519","Plan.md","1.1.5 for 2021-2022 @t1",,"s",,,,,
"X-Keystroke","r",,"694","1679712724022","Plan.md","1.1.5 for 2021-2022 @t1",,"r",,,,,
"X-Keystroke","e",,"695","1679712724111","Plan.md","1.1.5 for 2021-2022 @t1",,"e",,,,,
"X-Keystroke","c",,"696","1679712724312","Plan.md","1.1.5 for 2021-2022 @t1",,"c",,,,,
"X-Keystroke","i",,"697","1679712724503","Plan.md","1.1.5 for 2021-2022 @t1",,"i",,,,,
"X-Keystroke","p",,"698","1679712724695","Plan.md","1.1.5 for 2021-2022 @t1",,"p",,,,,
"X-Keystroke","e",,"699","1679712724844","Plan.md","1.1.5 for 2021-2022 @t1",,"e",,,,,
"X-Keystroke"," ",,"700","1679712724961","Plan.md","1.1.5 for 2021-2022 @t1",," ",,,,,
"X-Keystroke","i",,"701","1679712725205","Plan.md","1.1.5 for 2021-2022 @t1",,"i",,,,,
"X-Keystroke","n",,"702","1679712725435","Plan.md","1.1.5 for 2021-2022 @t1",,"n",,,,,
"X-Keystroke","s",,"703","1679712726054","Plan.md","1.1.5 for 2021-2022 @t1",,"s",,,,,
"X-Keystroke","t",,"704","1679712726460","Plan.md","1.1.5 for 2021-2022 @t1",,"t",,,,,
"X-Keystroke","r",,"705","1679712726576","Plan.md","1.1.5 for 2021-2022 @t1",,"r",,,,,
"X-Keystroke","u",,"706","1679712726764","Plan.md","1.1.5 for 2021-2022 @t1",,"u",,,,,
"X-Keystroke","c",,"707","1679712726910","Plan.md","1.1.5 for 2021-2022 @t1",,"c",,,,,
"File.Edit","r","","693","1679712724020","Plan.md","1.1.5 for 2021-2022 @t1","Insert",,,,,,
"X-Keystroke","r",,"694","1679712724022","Plan.md","1.1.5 for 2021-2022 @t1",,"r",,,,,
"File.Edit","e","","694","1679712724110","Plan.md","1.1.5 for 2021-2022 @t1","Insert",,,,,,
"X-Keystroke","e",,"695","1679712724111","Plan.md","1.1.5 for 2021-2022 @t1",,"e",,,,,
"File.Edit","c","","695","1679712724311","Plan.md","1.1.5 for 2021-2022 @t1","Insert",,,,,,
"X-Keystroke","c",,"696","1679712724312","Plan.md","1.1.5 for 2021-2022 @t1",,"c",,,,,
"File.Edit","i","","696","1679712724503","Plan.md","1.1.5 for 2021-2022 @t1","Insert",,,,,,
"X-Keystroke","i",,"697","1679712724503","Plan.md","1.1.5 for 2021-2022 @t1",,"i",,,,,
"File.Edit","p","","697","1679712724695","Plan.md","1.1.5 for 2021-2022 @t1","Insert",,,,,,
"X-Keystroke","p",,"698","1679712724695","Plan.md","1.1.5 for 2021-2022 @t1",,"p",,,,,
"File.Edit","e","","698","1679712724843","Plan.md","1.1.5 for 2021-2022 @t1","Insert",,,,,,
"X-Keystroke","e",,"699","1679712724844","Plan.md","1.1.5 for 2021-2022 @t1",,"e",,,,,
"File.Edit"," ","","699","1679712724959","Plan.md","1.1.5 for 2021-2022 @t1","Insert",,,,,,
"X-Keystroke"," ",,"700","1679712724961","Plan.md","1.1.5 for 2021-2022 @t1",," ",,,,,
"File.Edit","i","","700","1679712725204","Plan.md","1.1.5 for 2021-2022 @t1","Insert",,,,,,
"X-Keystroke","i",,"701","1679712725205","Plan.md","1.1.5 for 2021-2022 @t1",,"i",,,,,
"File.Edit","n","","701","1679712725433","Plan.md","1.1.5 for 2021-2022 @t1","Insert",,,,,,
"X-Keystroke","n",,"702","1679712725435","Plan.md","1.1.5 for 2021-2022 @t1",,"n",,,,,
"File.Edit","s","","702","1679712726053","Plan.md","1.1.5 for 2021-2022 @t1","Insert",,,,,,
"X-Keystroke","s",,"703","1679712726054","Plan.md","1.1.5 for 2021-2022 @t1",,"s",,,,,
"File.Edit","t","","703","1679712726459","Plan.md","1.1.5 for 2021-2022 @t1","Insert",,,,,,
"X-Keystroke","t",,"704","1679712726461","Plan.md","1.1.5 for 2021-2022 @t1",,"t",,,,,
"File.Edit","r","","704","1679712726575","Plan.md","1.1.5 for 2021-2022 @t1","Insert",,,,,,
"X-Keystroke","r",,"705","1679712726576","Plan.md","1.1.5 for 2021-2022 @t1",,"r",,,,,
"File.Edit","u","","705","1679712726763","Plan.md","1.1.5 for 2021-2022 @t1","Insert",,,,,,
"X-Keystroke","u",,"706","1679712726764","Plan.md","1.1.5 for 2021-2022 @t1",,"u",,,,,
"File.Edit","c","","706","1679712726909","Plan.md","1.1.5 for 2021-2022 @t1","Insert",,,,,,
"X-Keystroke","c",,"707","1679712726910","Plan.md","1.1.5 for 2021-2022 @t1",,"c",,,,,
"File.Edit","t","","707","1679712727183","Plan.md","1.1.5 for 2021-2022 @t1","Insert",,,,,,
"X-Keystroke","t",,"708","1679712727184","Plan.md","1.1.5 for 2021-2022 @t1",,"t",,,,,
"File.Edit","i","","708","1679712727215","Plan.md","1.1.5 for 2021-2022 @t1","Insert",,,,,,
"X-Keystroke","i",,"709","1679712727216","Plan.md","1.1.5 for 2021-2022 @t1",,"i",,,,,
"File.Edit","o","","709","1679712727313","Plan.md","1.1.5 for 2021-2022 @t1","Insert",,,,,,
"X-Keystroke","o",,"710","1679712727313","Plan.md","1.1.5 for 2021-2022 @t1",,"o",,,,,
"File.Edit","n","","710","1679712727537","Plan.md","1.1.5 for 2021-2022 @t1","Insert",,,,,,
"X-Keystroke","n",,"711","1679712727537","Plan.md","1.1.5 for 2021-2022 @t1",,"n",,,,,
"File.Edit","s","","711","1679712727661","Plan.md","1.1.5 for 2021-2022 @t1","Insert",,,,,,
"X-Keystroke","s",,"712","1679712727662","Plan.md","1.1.5 for 2021-2022 @t1",,"s",,,,,
"X-Action","EditorChange",,,"1679712741441","Plan.md","1.1.5 for 2021-2022 @t1",,"EditorChange",,,,,
"X-Keystroke","t",,"708","1679712727184","Plan.md","1.1.5 for 2021-2022 @t1",,"t",,,,,
"X-Keystroke","i",,"709","1679712727216","Plan.md","1.1.5 for 2021-2022 @t1",,"i",,,,,
"X-Keystroke","o",,"710","1679712727313","Plan.md","1.1.5 for 2021-2022 @t1",,"o",,,,,
"X-Keystroke","n",,"711","1679712727537","Plan.md","1.1.5 for 2021-2022 @t1",,"n",,,,,
"X-Keystroke","s",,"712","1679712727662","Plan.md","1.1.5 for 2021-2022 @t1",,"s",,,,,
